[2020-05-23 18:21:18,054] DEBUG preRegister called. Server=com.sun.jmx.mbeanserver.JmxMBeanServer@66d3c617, name=log4j:logger=state.change.logger (state.change.logger)
[2020-05-23 18:24:33,080] TRACE [Controller id=0 epoch=1] Received response {error_code=0} for request UPDATE_METADATA with correlation id 0 sent to broker LAPTOP-BBLBVG70:9092 (id: 0 rack: null) (state.change.logger)
[2020-05-23 18:34:37,779] TRACE [Controller id=0 epoch=1] Changed partition testravi-0 state from NonExistentPartition to NewPartition with assigned replicas 0 (state.change.logger)
[2020-05-23 18:34:37,790] TRACE [Controller id=0 epoch=1] Changed state of replica 0 for partition testravi-0 from NonExistentReplica to NewReplica (state.change.logger)
[2020-05-23 18:34:37,905] TRACE [Controller id=0 epoch=1] Changed partition testravi-0 from NewPartition to OnlinePartition with state LeaderAndIsr(leader=0, leaderEpoch=0, isr=List(0), zkVersion=0) (state.change.logger)
[2020-05-23 18:34:37,907] TRACE [Controller id=0 epoch=1] Sending become-leader LeaderAndIsr request PartitionState(controllerEpoch=1, leader=0, leaderEpoch=0, isr=0, zkVersion=0, replicas=0, isNew=true) to broker 0 for partition testravi-0 (state.change.logger)
[2020-05-23 18:34:37,911] TRACE [Controller id=0 epoch=1] Sending UpdateMetadata request PartitionState(controllerEpoch=1, leader=0, leaderEpoch=0, isr=[0], zkVersion=0, replicas=[0], offlineReplicas=[]) to brokers Set(0) for partition testravi-0 (state.change.logger)
[2020-05-23 18:34:37,912] TRACE [Controller id=0 epoch=1] Changed state of replica 0 for partition testravi-0 from NewReplica to OnlineReplica (state.change.logger)
[2020-05-23 18:34:37,930] TRACE [Broker id=0] Received LeaderAndIsr request PartitionState(controllerEpoch=1, leader=0, leaderEpoch=0, isr=0, zkVersion=0, replicas=0, isNew=true) correlation id 1 from controller 0 epoch 1 for partition testravi-0 (state.change.logger)
[2020-05-23 18:34:37,942] TRACE [Broker id=0] Handling LeaderAndIsr request correlationId 1 from controller 0 epoch 1 starting the become-leader transition for partition testravi-0 (state.change.logger)
[2020-05-23 18:34:38,197] TRACE [Broker id=0] Stopped fetchers as part of become-leader request from controller 0 epoch 1 with correlation id 1 for partition testravi-0 (last update controller epoch 1) (state.change.logger)
[2020-05-23 18:34:38,198] TRACE [Broker id=0] Completed LeaderAndIsr request correlationId 1 from controller 0 epoch 1 for the become-leader transition for partition testravi-0 (state.change.logger)
[2020-05-23 18:34:38,221] TRACE [Controller id=0 epoch=1] Received response {error_code=0,partitions=[{topic=testravi,partition=0,error_code=0}]} for request LEADER_AND_ISR with correlation id 1 sent to broker LAPTOP-BBLBVG70:9092 (id: 0 rack: null) (state.change.logger)
[2020-05-23 18:34:38,230] TRACE [Broker id=0] Cached leader info PartitionState(controllerEpoch=1, leader=0, leaderEpoch=0, isr=[0], zkVersion=0, replicas=[0], offlineReplicas=[]) for partition testravi-0 in response to UpdateMetadata request sent by controller 0 epoch 1 with correlation id 2 (state.change.logger)
[2020-05-23 18:34:38,231] TRACE [Controller id=0 epoch=1] Received response {error_code=0} for request UPDATE_METADATA with correlation id 2 sent to broker LAPTOP-BBLBVG70:9092 (id: 0 rack: null) (state.change.logger)
[2020-05-23 18:42:46,003] TRACE [Controller id=0 epoch=1] Changed partition __consumer_offsets-0 state from NonExistentPartition to NewPartition with assigned replicas 0 (state.change.logger)
[2020-05-23 18:42:46,004] TRACE [Controller id=0 epoch=1] Changed state of replica 0 for partition __consumer_offsets-0 from NonExistentReplica to NewReplica (state.change.logger)
[2020-05-23 18:42:46,106] TRACE [Controller id=0 epoch=1] Changed partition __consumer_offsets-0 from NewPartition to OnlinePartition with state LeaderAndIsr(leader=0, leaderEpoch=0, isr=List(0), zkVersion=0) (state.change.logger)
[2020-05-23 18:42:46,107] TRACE [Controller id=0 epoch=1] Sending become-leader LeaderAndIsr request PartitionState(controllerEpoch=1, leader=0, leaderEpoch=0, isr=0, zkVersion=0, replicas=0, isNew=true) to broker 0 for partition __consumer_offsets-0 (state.change.logger)
[2020-05-23 18:42:46,108] TRACE [Controller id=0 epoch=1] Sending UpdateMetadata request PartitionState(controllerEpoch=1, leader=0, leaderEpoch=0, isr=[0], zkVersion=0, replicas=[0], offlineReplicas=[]) to brokers Set(0) for partition __consumer_offsets-0 (state.change.logger)
[2020-05-23 18:42:46,109] TRACE [Controller id=0 epoch=1] Changed state of replica 0 for partition __consumer_offsets-0 from NewReplica to OnlineReplica (state.change.logger)
[2020-05-23 18:42:46,110] TRACE [Broker id=0] Received LeaderAndIsr request PartitionState(controllerEpoch=1, leader=0, leaderEpoch=0, isr=0, zkVersion=0, replicas=0, isNew=true) correlation id 3 from controller 0 epoch 1 for partition __consumer_offsets-0 (state.change.logger)
[2020-05-23 18:42:46,112] TRACE [Broker id=0] Handling LeaderAndIsr request correlationId 3 from controller 0 epoch 1 starting the become-leader transition for partition __consumer_offsets-0 (state.change.logger)
[2020-05-23 18:42:46,227] TRACE [Broker id=0] Stopped fetchers as part of become-leader request from controller 0 epoch 1 with correlation id 3 for partition __consumer_offsets-0 (last update controller epoch 1) (state.change.logger)
[2020-05-23 18:42:46,227] TRACE [Broker id=0] Completed LeaderAndIsr request correlationId 3 from controller 0 epoch 1 for the become-leader transition for partition __consumer_offsets-0 (state.change.logger)
[2020-05-23 18:42:46,232] TRACE [Controller id=0 epoch=1] Received response {error_code=0,partitions=[{topic=__consumer_offsets,partition=0,error_code=0}]} for request LEADER_AND_ISR with correlation id 3 sent to broker LAPTOP-BBLBVG70:9092 (id: 0 rack: null) (state.change.logger)
[2020-05-23 18:42:46,234] TRACE [Broker id=0] Cached leader info PartitionState(controllerEpoch=1, leader=0, leaderEpoch=0, isr=[0], zkVersion=0, replicas=[0], offlineReplicas=[]) for partition __consumer_offsets-0 in response to UpdateMetadata request sent by controller 0 epoch 1 with correlation id 4 (state.change.logger)
[2020-05-23 18:42:46,235] TRACE [Controller id=0 epoch=1] Received response {error_code=0} for request UPDATE_METADATA with correlation id 4 sent to broker LAPTOP-BBLBVG70:9092 (id: 0 rack: null) (state.change.logger)
[2020-05-24 00:08:36,036] TRACE [Controller id=0 epoch=2] Changed state of replica 0 for partition __consumer_offsets-0 from OnlineReplica to OnlineReplica (state.change.logger)
[2020-05-24 00:08:36,272] TRACE [Controller id=0 epoch=2] Changed state of replica 0 for partition testravi-0 from OnlineReplica to OnlineReplica (state.change.logger)
[2020-05-24 00:08:36,272] TRACE [Controller id=0 epoch=2] Sending become-leader LeaderAndIsr request PartitionState(controllerEpoch=1, leader=0, leaderEpoch=0, isr=0, zkVersion=0, replicas=0, isNew=false) to broker 0 for partition testravi-0 (state.change.logger)
[2020-05-24 00:08:36,272] TRACE [Controller id=0 epoch=2] Sending become-leader LeaderAndIsr request PartitionState(controllerEpoch=1, leader=0, leaderEpoch=0, isr=0, zkVersion=0, replicas=0, isNew=false) to broker 0 for partition __consumer_offsets-0 (state.change.logger)
[2020-05-24 00:08:36,272] TRACE [Controller id=0 epoch=2] Sending UpdateMetadata request PartitionState(controllerEpoch=1, leader=0, leaderEpoch=0, isr=[0], zkVersion=0, replicas=[0], offlineReplicas=[]) to brokers Set(0) for partition testravi-0 (state.change.logger)
[2020-05-24 00:08:36,272] TRACE [Controller id=0 epoch=2] Sending UpdateMetadata request PartitionState(controllerEpoch=1, leader=0, leaderEpoch=0, isr=[0], zkVersion=0, replicas=[0], offlineReplicas=[]) to brokers Set(0) for partition __consumer_offsets-0 (state.change.logger)
[2020-05-24 00:08:36,080] TRACE [Controller id=0 epoch=2] Received response {error_code=0} for request UPDATE_METADATA with correlation id 0 sent to broker LAPTOP-BBLBVG70:9092 (id: 0 rack: null) (state.change.logger)
[2020-05-24 00:08:36,276] TRACE [Broker id=0] Received LeaderAndIsr request PartitionState(controllerEpoch=1, leader=0, leaderEpoch=0, isr=0, zkVersion=0, replicas=0, isNew=false) correlation id 1 from controller 0 epoch 2 for partition __consumer_offsets-0 (state.change.logger)
[2020-05-24 00:08:36,276] TRACE [Broker id=0] Received LeaderAndIsr request PartitionState(controllerEpoch=1, leader=0, leaderEpoch=0, isr=0, zkVersion=0, replicas=0, isNew=false) correlation id 1 from controller 0 epoch 2 for partition testravi-0 (state.change.logger)
[2020-05-24 00:08:36,280] DEBUG [Broker id=0] Ignoring LeaderAndIsr request from controller 0 with correlation id 1 epoch 2 for partition __consumer_offsets-0 since its associated leader epoch 0 matches the current leader epoch (state.change.logger)
[2020-05-24 00:08:36,280] DEBUG [Broker id=0] Ignoring LeaderAndIsr request from controller 0 with correlation id 1 epoch 2 for partition testravi-0 since its associated leader epoch 0 matches the current leader epoch (state.change.logger)
[2020-05-24 00:08:36,280] TRACE [Controller id=0 epoch=2] Received response {error_code=0,partitions=[{topic=__consumer_offsets,partition=0,error_code=11},{topic=testravi,partition=0,error_code=11}]} for request LEADER_AND_ISR with correlation id 1 sent to broker LAPTOP-BBLBVG70:9092 (id: 0 rack: null) (state.change.logger)
[2020-05-24 00:08:36,280] TRACE [Broker id=0] Cached leader info PartitionState(controllerEpoch=1, leader=0, leaderEpoch=0, isr=[0], zkVersion=0, replicas=[0], offlineReplicas=[]) for partition __consumer_offsets-0 in response to UpdateMetadata request sent by controller 0 epoch 2 with correlation id 2 (state.change.logger)
[2020-05-24 00:08:36,280] TRACE [Broker id=0] Cached leader info PartitionState(controllerEpoch=1, leader=0, leaderEpoch=0, isr=[0], zkVersion=0, replicas=[0], offlineReplicas=[]) for partition testravi-0 in response to UpdateMetadata request sent by controller 0 epoch 2 with correlation id 2 (state.change.logger)
[2020-05-24 00:08:36,280] TRACE [Controller id=0 epoch=2] Received response {error_code=0} for request UPDATE_METADATA with correlation id 2 sent to broker LAPTOP-BBLBVG70:9092 (id: 0 rack: null) (state.change.logger)
[2020-05-24 09:44:24,404] TRACE [Controller id=0 epoch=3] Changed state of replica 0 for partition __consumer_offsets-0 from OnlineReplica to OnlineReplica (state.change.logger)
[2020-05-24 09:44:24,404] TRACE [Controller id=0 epoch=3] Changed state of replica 0 for partition testravi-0 from OnlineReplica to OnlineReplica (state.change.logger)
[2020-05-24 09:44:24,404] TRACE [Controller id=0 epoch=3] Sending become-leader LeaderAndIsr request PartitionState(controllerEpoch=1, leader=0, leaderEpoch=0, isr=0, zkVersion=0, replicas=0, isNew=false) to broker 0 for partition testravi-0 (state.change.logger)
[2020-05-24 09:44:24,404] TRACE [Controller id=0 epoch=3] Sending become-leader LeaderAndIsr request PartitionState(controllerEpoch=1, leader=0, leaderEpoch=0, isr=0, zkVersion=0, replicas=0, isNew=false) to broker 0 for partition __consumer_offsets-0 (state.change.logger)
[2020-05-24 09:44:24,404] TRACE [Controller id=0 epoch=3] Sending UpdateMetadata request PartitionState(controllerEpoch=1, leader=0, leaderEpoch=0, isr=[0], zkVersion=0, replicas=[0], offlineReplicas=[]) to brokers Set(0) for partition testravi-0 (state.change.logger)
[2020-05-24 09:44:24,420] TRACE [Controller id=0 epoch=3] Sending UpdateMetadata request PartitionState(controllerEpoch=1, leader=0, leaderEpoch=0, isr=[0], zkVersion=0, replicas=[0], offlineReplicas=[]) to brokers Set(0) for partition __consumer_offsets-0 (state.change.logger)
[2020-05-24 09:44:25,339] TRACE [Controller id=0 epoch=3] Received response {error_code=0} for request UPDATE_METADATA with correlation id 0 sent to broker LAPTOP-BBLBVG70:9092 (id: 0 rack: null) (state.change.logger)
[2020-05-24 09:44:26,096] TRACE [Broker id=0] Received LeaderAndIsr request PartitionState(controllerEpoch=1, leader=0, leaderEpoch=0, isr=0, zkVersion=0, replicas=0, isNew=false) correlation id 1 from controller 0 epoch 3 for partition __consumer_offsets-0 (state.change.logger)
[2020-05-24 09:44:26,870] TRACE [Broker id=0] Received LeaderAndIsr request PartitionState(controllerEpoch=1, leader=0, leaderEpoch=0, isr=0, zkVersion=0, replicas=0, isNew=false) correlation id 1 from controller 0 epoch 3 for partition testravi-0 (state.change.logger)
[2020-05-24 09:44:26,933] DEBUG [Broker id=0] Ignoring LeaderAndIsr request from controller 0 with correlation id 1 epoch 3 for partition __consumer_offsets-0 since its associated leader epoch 0 matches the current leader epoch (state.change.logger)
[2020-05-24 09:44:26,933] DEBUG [Broker id=0] Ignoring LeaderAndIsr request from controller 0 with correlation id 1 epoch 3 for partition testravi-0 since its associated leader epoch 0 matches the current leader epoch (state.change.logger)
[2020-05-24 09:44:26,948] TRACE [Controller id=0 epoch=3] Received response {error_code=0,partitions=[{topic=__consumer_offsets,partition=0,error_code=11},{topic=testravi,partition=0,error_code=11}]} for request LEADER_AND_ISR with correlation id 1 sent to broker LAPTOP-BBLBVG70:9092 (id: 0 rack: null) (state.change.logger)
[2020-05-24 09:44:26,948] TRACE [Broker id=0] Cached leader info PartitionState(controllerEpoch=1, leader=0, leaderEpoch=0, isr=[0], zkVersion=0, replicas=[0], offlineReplicas=[]) for partition __consumer_offsets-0 in response to UpdateMetadata request sent by controller 0 epoch 3 with correlation id 2 (state.change.logger)
[2020-05-24 09:44:26,948] TRACE [Broker id=0] Cached leader info PartitionState(controllerEpoch=1, leader=0, leaderEpoch=0, isr=[0], zkVersion=0, replicas=[0], offlineReplicas=[]) for partition testravi-0 in response to UpdateMetadata request sent by controller 0 epoch 3 with correlation id 2 (state.change.logger)
[2020-05-24 09:44:26,948] TRACE [Controller id=0 epoch=3] Received response {error_code=0} for request UPDATE_METADATA with correlation id 2 sent to broker LAPTOP-BBLBVG70:9092 (id: 0 rack: null) (state.change.logger)
[2020-05-24 09:47:23,452] TRACE [Controller id=0 epoch=4] Changed state of replica 0 for partition __consumer_offsets-0 from OnlineReplica to OnlineReplica (state.change.logger)
[2020-05-24 09:47:23,452] TRACE [Controller id=0 epoch=4] Changed state of replica 0 for partition testravi-0 from OnlineReplica to OnlineReplica (state.change.logger)
[2020-05-24 09:47:23,452] TRACE [Controller id=0 epoch=4] Sending become-leader LeaderAndIsr request PartitionState(controllerEpoch=1, leader=0, leaderEpoch=0, isr=0, zkVersion=0, replicas=0, isNew=false) to broker 0 for partition testravi-0 (state.change.logger)
[2020-05-24 09:47:23,452] TRACE [Controller id=0 epoch=4] Sending become-leader LeaderAndIsr request PartitionState(controllerEpoch=1, leader=0, leaderEpoch=0, isr=0, zkVersion=0, replicas=0, isNew=false) to broker 0 for partition __consumer_offsets-0 (state.change.logger)
[2020-05-24 09:47:23,452] TRACE [Controller id=0 epoch=4] Sending UpdateMetadata request PartitionState(controllerEpoch=1, leader=0, leaderEpoch=0, isr=[0], zkVersion=0, replicas=[0], offlineReplicas=[]) to brokers Set(0) for partition testravi-0 (state.change.logger)
[2020-05-24 09:47:23,452] TRACE [Controller id=0 epoch=4] Sending UpdateMetadata request PartitionState(controllerEpoch=1, leader=0, leaderEpoch=0, isr=[0], zkVersion=0, replicas=[0], offlineReplicas=[]) to brokers Set(0) for partition __consumer_offsets-0 (state.change.logger)
[2020-05-24 09:47:23,452] TRACE [Controller id=0 epoch=4] Received response {error_code=0} for request UPDATE_METADATA with correlation id 0 sent to broker LAPTOP-BBLBVG70:9092 (id: 0 rack: null) (state.change.logger)
[2020-05-24 09:47:23,452] TRACE [Broker id=0] Received LeaderAndIsr request PartitionState(controllerEpoch=1, leader=0, leaderEpoch=0, isr=0, zkVersion=0, replicas=0, isNew=false) correlation id 1 from controller 0 epoch 4 for partition __consumer_offsets-0 (state.change.logger)
[2020-05-24 09:47:23,452] TRACE [Broker id=0] Received LeaderAndIsr request PartitionState(controllerEpoch=1, leader=0, leaderEpoch=0, isr=0, zkVersion=0, replicas=0, isNew=false) correlation id 1 from controller 0 epoch 4 for partition testravi-0 (state.change.logger)
[2020-05-24 09:47:24,318] DEBUG [Broker id=0] Ignoring LeaderAndIsr request from controller 0 with correlation id 1 epoch 4 for partition __consumer_offsets-0 since its associated leader epoch 0 matches the current leader epoch (state.change.logger)
[2020-05-24 09:47:24,318] DEBUG [Broker id=0] Ignoring LeaderAndIsr request from controller 0 with correlation id 1 epoch 4 for partition testravi-0 since its associated leader epoch 0 matches the current leader epoch (state.change.logger)
[2020-05-24 09:47:24,318] TRACE [Controller id=0 epoch=4] Received response {error_code=0,partitions=[{topic=__consumer_offsets,partition=0,error_code=11},{topic=testravi,partition=0,error_code=11}]} for request LEADER_AND_ISR with correlation id 1 sent to broker LAPTOP-BBLBVG70:9092 (id: 0 rack: null) (state.change.logger)
[2020-05-24 09:47:24,318] TRACE [Broker id=0] Cached leader info PartitionState(controllerEpoch=1, leader=0, leaderEpoch=0, isr=[0], zkVersion=0, replicas=[0], offlineReplicas=[]) for partition __consumer_offsets-0 in response to UpdateMetadata request sent by controller 0 epoch 4 with correlation id 2 (state.change.logger)
[2020-05-24 09:47:24,318] TRACE [Broker id=0] Cached leader info PartitionState(controllerEpoch=1, leader=0, leaderEpoch=0, isr=[0], zkVersion=0, replicas=[0], offlineReplicas=[]) for partition testravi-0 in response to UpdateMetadata request sent by controller 0 epoch 4 with correlation id 2 (state.change.logger)
[2020-05-24 09:47:24,318] TRACE [Controller id=0 epoch=4] Received response {error_code=0} for request UPDATE_METADATA with correlation id 2 sent to broker LAPTOP-BBLBVG70:9092 (id: 0 rack: null) (state.change.logger)
